<?xml version="1.0" encoding="UTF-8"?>
<!-- Generated by org.testng.reporters.JUnitXMLReporter -->
<testsuite hostname="DESKTOP-MV1FS2I" ignored="0" name="Command line test" tests="6" failures="0" timestamp="2020-10-09T15:32:32 IST" time="0.202" errors="0">
  <testcase name="IOSApps" time="0.021" classname="qaclickacademy.Mavenjava.AppiumTest"/>
  <testcase name="nativeAppAndroid" time="0.0" classname="qaclickacademy.Mavenjava.AppiumTest"/>
  <testcase name="deleteTwitter" time="0.001" classname="qaclickacademy.Mavenjava.RestAPITest"/>
  <testcase name="postJira" time="0.002" classname="qaclickacademy.Mavenjava.RestAPITest"/>
  <testcase name="browserAutomation" time="0.001" classname="qaclickacademy.Mavenjava.SeleniumTest"/>
  <testcase name="elementsUi" time="0.001" classname="qaclickacademy.Mavenjava.SeleniumTest"/>
</testsuite> <!-- Command line test -->
